<?xml version="1.0" encoding="UTF-8"?>
<!-- Generated by org.testng.reporters.JUnitReportReporter -->
<testsuite hostname="WKWZTw6fXJXFUIH" failures="0" tests="6" name="testCases.TC_003_LoginDDT" time="46.640" errors="0" timestamp="2024-05-18T22:58:00 IST" skipped="0">
  <testcase classname="testCases.TC_003_LoginDDT" name="verify_login" time="1.190"/>
  <testcase classname="testCases.TC_003_LoginDDT" name="verify_login" time="20.946"/>
  <testcase classname="testCases.TC_003_LoginDDT" name="verify_login" time="20.756"/>
  <testcase classname="testCases.TC_003_LoginDDT" name="verify_login" time="1.220"/>
  <testcase classname="testCases.TC_003_LoginDDT" name="verify_login" time="1.421"/>
  <testcase classname="testCases.TC_003_LoginDDT" name="verify_login" time="1.107"/>
</testsuite> <!-- testCases.TC_003_LoginDDT -->
