<?xml version="1.0" encoding="UTF-8"?>
<!-- Generated by org.testng.reporters.JUnitReportReporter -->
<testsuite hostname="WKWZTw6fXJXFUIH" failures="0" tests="1" name="testCases.TC_001_AccountRegistrationTest" time="1.343" errors="0" timestamp="2024-05-18T22:58:00 IST" skipped="0">
  <testcase classname="testCases.TC_001_AccountRegistrationTest" name="verify_account_registration" time="1.343"/>
</testsuite> <!-- testCases.TC_001_AccountRegistrationTest -->
