<?xml version="1.0" encoding="UTF-8"?>
<!-- Generated by org.testng.reporters.JUnitReportReporter -->
<testsuite hostname="WKWZTw6fXJXFUIH" failures="0" tests="1" name="testCases.TC_002_LoginTest" time="0.919" errors="0" timestamp="2024-05-18T22:58:00 IST" skipped="0">
  <testcase classname="testCases.TC_002_LoginTest" name="verify_login" time="0.919"/>
</testsuite> <!-- testCases.TC_002_LoginTest -->
